__main__[LINE:124]#INFO     [2022-09-23 21:44:19,797]  Проверяем доступность переменных окружения
__main__[LINE:88]#INFO     [2022-09-23 21:44:20,199]  Проверяем корректность ответа от API.
__main__[LINE:143]#CRITICAL [2022-09-23 21:44:20,200]  Нет работ на проверке.
__main__[LINE:150]#CRITICAL [2022-09-23 21:44:20,200]  Ошибка Сбой в работе программы: 'Нет работ на проверке.'
__main__[LINE:46]#INFO     [2022-09-23 21:44:20,200]  Начинаем отправлять сообщение пользователю.
__main__[LINE:51]#INFO     [2022-09-23 21:44:20,493]  Удачная отправка сообщения "Сбой в работе программы: 'Нет работ на проверке.'" пользователю.
__main__[LINE:124]#INFO     [2022-09-23 21:49:59,338]  Проверяем доступность переменных окружения
__main__[LINE:88]#INFO     [2022-09-23 21:49:59,500]  Проверяем корректность ответа от API.
__main__[LINE:143]#CRITICAL [2022-09-23 21:49:59,500]  Нет работ на проверке.
__main__[LINE:150]#CRITICAL [2022-09-23 21:49:59,500]  Ошибка Сбой в работе программы: 'Нет работ на проверке.'
__main__[LINE:46]#INFO     [2022-09-23 21:49:59,500]  Начинаем отправлять сообщение пользователю.
__main__[LINE:51]#INFO     [2022-09-23 21:49:59,702]  Удачная отправка сообщения "Сбой в работе программы: 'Нет работ на проверке.'" пользователю.
__main__[LINE:121]#INFO     [2022-09-23 21:52:25,789]  Проверяем доступность переменных окружения
__main__[LINE:85]#INFO     [2022-09-23 21:52:26,857]  Проверяем корректность ответа от API.
__main__[LINE:140]#CRITICAL [2022-09-23 21:52:26,858]  Нет работ на проверке.
__main__[LINE:147]#CRITICAL [2022-09-23 21:52:26,858]  Ошибка Сбой в работе программы: 'Нет работ на проверке.'
__main__[LINE:43]#INFO     [2022-09-23 21:52:26,858]  Начинаем отправлять сообщение пользователю.
__main__[LINE:48]#INFO     [2022-09-23 21:52:27,133]  Удачная отправка сообщения "Сбой в работе программы: 'Нет работ на проверке.'" пользователю.
__main__[LINE:121]#INFO     [2022-09-23 22:11:35,177]  Проверяем доступность переменных окружения
__main__[LINE:121]#INFO     [2022-09-23 22:12:08,037]  Проверяем доступность переменных окружения
__main__[LINE:121]#INFO     [2022-09-23 22:12:33,328]  Проверяем доступность переменных окружения
__main__[LINE:121]#INFO     [2022-09-23 22:12:48,031]  Проверяем доступность переменных окружения
__main__[LINE:121]#INFO     [2022-09-23 22:14:08,706]  Проверяем доступность переменных окружения
__main__[LINE:85]#INFO     [2022-09-23 22:14:08,936]  Проверяем корректность ответа от API.
__main__[LINE:140]#CRITICAL [2022-09-23 22:14:08,936]  Нет работ на проверке.
__main__[LINE:147]#CRITICAL [2022-09-23 22:14:08,936]  Ошибка Сбой в работе программы: 'Нет работ на проверке.'
__main__[LINE:43]#INFO     [2022-09-23 22:14:08,936]  Начинаем отправлять сообщение пользователю.
__main__[LINE:48]#INFO     [2022-09-23 22:14:09,156]  Удачная отправка сообщения "Сбой в работе программы: 'Нет работ на проверке.'" пользователю.
__main__[LINE:121]#INFO     [2022-09-23 22:14:56,260]  Проверяем доступность переменных окружения
__main__[LINE:85]#INFO     [2022-09-23 22:14:56,957]  Проверяем корректность ответа от API.
__main__[LINE:104]#INFO     [2022-09-23 22:14:56,958]  Извлекаем информацию о конкретной домашней работе.
__main__[LINE:43]#INFO     [2022-09-23 22:14:56,958]  Начинаем отправлять сообщение пользователю.
__main__[LINE:48]#INFO     [2022-09-23 22:14:57,171]  Удачная отправка сообщения "Изменился статус проверки работы "yatube_project-main-5.zip". Ревью успешно пройдено." пользователю.
__main__[LINE:85]#INFO     [2022-09-23 22:32:34,955]  Проверяем корректность ответа от API.
__main__[LINE:140]#CRITICAL [2022-09-23 22:32:34,959]  Нет работ на проверке.
__main__[LINE:147]#CRITICAL [2022-09-23 22:32:34,959]  Ошибка Сбой в работе программы: 'Нет работ на проверке.'
__main__[LINE:43]#INFO     [2022-09-23 22:32:34,959]  Начинаем отправлять сообщение пользователю.
__main__[LINE:51]#ERROR    [2022-09-23 22:32:35,013]  Ошибка "urllib3 HTTPError ('Connection aborted.', ConnectionResetError(54, 'Connection reset by peer'))", при отправке сообщения "Сбой в работе программы: 'Нет работ на проверке.'".
__main__[LINE:121]#INFO     [2022-09-23 22:33:13,580]  Проверяем доступность переменных окружения
__main__[LINE:85]#INFO     [2022-09-23 22:33:14,342]  Проверяем корректность ответа от API.
__main__[LINE:104]#INFO     [2022-09-23 22:33:14,342]  Извлекаем информацию о конкретной домашней работе.
__main__[LINE:43]#INFO     [2022-09-23 22:33:14,342]  Начинаем отправлять сообщение пользователю.
__main__[LINE:48]#INFO     [2022-09-23 22:33:14,626]  Удачная отправка сообщения "Изменился статус проверки работы "yatube_project-main-5.zip". Ревью успешно пройдено." пользователю.
__main__[LINE:121]#INFO     [2022-09-23 22:46:04,146]  Проверяем доступность переменных окружения
__main__[LINE:85]#INFO     [2022-09-23 22:46:04,634]  Проверяем корректность ответа от API.
__main__[LINE:104]#INFO     [2022-09-23 22:46:04,634]  Извлекаем информацию о конкретной домашней работе.
__main__[LINE:43]#INFO     [2022-09-23 22:46:04,634]  Начинаем отправлять сообщение пользователю.
__main__[LINE:48]#INFO     [2022-09-23 22:46:04,843]  Удачная отправка сообщения "Изменился статус проверки работы "yatube_project-main-5.zip". Ревью успешно пройдено." пользователю.
__main__[LINE:85]#INFO     [2022-09-23 22:56:05,164]  Проверяем корректность ответа от API.
__main__[LINE:140]#CRITICAL [2022-09-23 22:56:05,166]  Нет работ на проверке.
__main__[LINE:147]#CRITICAL [2022-09-23 22:56:05,167]  Ошибка Сбой в работе программы: 'Нет работ на проверке.'
__main__[LINE:43]#INFO     [2022-09-23 22:56:05,167]  Начинаем отправлять сообщение пользователю.
__main__[LINE:48]#INFO     [2022-09-23 22:56:05,255]  Удачная отправка сообщения "Сбой в работе программы: 'Нет работ на проверке.'" пользователю.
__main__[LINE:85]#INFO     [2022-09-23 23:08:38,735]  Проверяем корректность ответа от API.
__main__[LINE:140]#CRITICAL [2022-09-23 23:08:38,738]  Нет работ на проверке.
__main__[LINE:147]#CRITICAL [2022-09-23 23:08:38,738]  Ошибка Сбой в работе программы: 'Нет работ на проверке.'
__main__[LINE:121]#INFO     [2022-09-24 12:15:30,357]  Проверяем доступность переменных окружения
__main__[LINE:85]#INFO     [2022-09-24 12:15:30,854]  Проверяем корректность ответа от API.
__main__[LINE:104]#INFO     [2022-09-24 12:15:30,854]  Извлекаем информацию о конкретной домашней работе.
__main__[LINE:43]#INFO     [2022-09-24 12:15:30,854]  Начинаем отправлять сообщение пользователю.
__main__[LINE:48]#INFO     [2022-09-24 12:15:31,055]  Удачная отправка сообщения "Изменился статус проверки работы "yatube_project-main-5.zip". Ревью успешно пройдено." пользователю.
__main__[LINE:121]#INFO     [2022-09-24 12:21:59,457]  Проверяем доступность переменных окружения
__main__[LINE:85]#INFO     [2022-09-24 12:21:59,931]  Проверяем корректность ответа от API.
__main__[LINE:104]#INFO     [2022-09-24 12:21:59,931]  Извлекаем информацию о конкретной домашней работе.
__main__[LINE:43]#INFO     [2022-09-24 12:21:59,931]  Начинаем отправлять сообщение пользователю.
__main__[LINE:48]#INFO     [2022-09-24 12:22:00,207]  Удачная отправка сообщения "Изменился статус проверки работы "yatube_project-main-5.zip". Работа проверена: ревьюеру всё понравилось. Ура!" пользователю.
__main__[LINE:85]#INFO     [2022-09-24 12:42:26,596]  Проверяем корректность ответа от API.
__main__[LINE:140]#CRITICAL [2022-09-24 12:42:26,602]  Нет работ на проверке.
__main__[LINE:147]#CRITICAL [2022-09-24 12:42:26,602]  Ошибка Сбой в работе программы: 'Нет работ на проверке.'
__main__[LINE:43]#INFO     [2022-09-24 12:42:26,602]  Начинаем отправлять сообщение пользователю.
__main__[LINE:51]#ERROR    [2022-09-24 12:42:26,675]  Ошибка "urllib3 HTTPError ('Connection aborted.', ConnectionResetError(54, 'Connection reset by peer'))", при отправке сообщения "Сбой в работе программы: 'Нет работ на проверке.'".
__main__[LINE:121]#INFO     [2022-09-24 15:32:43,690]  Проверяем доступность переменных окружения
__main__[LINE:85]#INFO     [2022-09-24 15:32:45,035]  Проверяем корректность ответа от API.
__main__[LINE:104]#INFO     [2022-09-24 15:32:45,036]  Извлекаем информацию о конкретной домашней работе.
__main__[LINE:43]#INFO     [2022-09-24 15:32:45,036]  Начинаем отправлять сообщение пользователю.
__main__[LINE:48]#INFO     [2022-09-24 15:32:45,245]  Удачная отправка сообщения "Изменился статус проверки работы "yatube_project-main-5.zip". Работа проверена: ревьюеру всё понравилось. Ура!" пользователю.
__main__[LINE:85]#INFO     [2022-09-24 15:42:45,869]  Проверяем корректность ответа от API.
__main__[LINE:140]#CRITICAL [2022-09-24 15:42:45,872]  Нет работ на проверке.
__main__[LINE:147]#CRITICAL [2022-09-24 15:42:45,873]  Ошибка Сбой в работе программы: 'Нет работ на проверке.'
__main__[LINE:43]#INFO     [2022-09-24 15:42:45,873]  Начинаем отправлять сообщение пользователю.
__main__[LINE:48]#INFO     [2022-09-24 15:42:45,987]  Удачная отправка сообщения "Сбой в работе программы: 'Нет работ на проверке.'" пользователю.
__main__[LINE:85]#INFO     [2022-09-24 15:52:46,529]  Проверяем корректность ответа от API.
__main__[LINE:140]#CRITICAL [2022-09-24 15:52:46,533]  Нет работ на проверке.
__main__[LINE:147]#CRITICAL [2022-09-24 15:52:46,533]  Ошибка Сбой в работе программы: 'Нет работ на проверке.'
__main__[LINE:85]#INFO     [2022-09-24 16:02:47,197]  Проверяем корректность ответа от API.
__main__[LINE:140]#CRITICAL [2022-09-24 16:02:47,201]  Нет работ на проверке.
__main__[LINE:147]#CRITICAL [2022-09-24 16:02:47,201]  Ошибка Сбой в работе программы: 'Нет работ на проверке.'
__main__[LINE:85]#INFO     [2022-09-24 19:11:10,159]  Проверяем корректность ответа от API.
__main__[LINE:140]#CRITICAL [2022-09-24 19:11:10,164]  Нет работ на проверке.
__main__[LINE:147]#CRITICAL [2022-09-24 19:11:10,165]  Ошибка Сбой в работе программы: 'Нет работ на проверке.'
__main__[LINE:85]#INFO     [2022-09-24 21:51:38,220]  Проверяем корректность ответа от API.
__main__[LINE:140]#CRITICAL [2022-09-24 21:51:38,224]  Нет работ на проверке.
__main__[LINE:147]#CRITICAL [2022-09-24 21:51:38,224]  Ошибка Сбой в работе программы: 'Нет работ на проверке.'
__main__[LINE:85]#INFO     [2022-09-24 22:01:38,792]  Проверяем корректность ответа от API.
__main__[LINE:140]#CRITICAL [2022-09-24 22:01:38,800]  Нет работ на проверке.
__main__[LINE:147]#CRITICAL [2022-09-24 22:01:38,800]  Ошибка Сбой в работе программы: 'Нет работ на проверке.'
__main__[LINE:85]#INFO     [2022-09-24 22:11:39,997]  Проверяем корректность ответа от API.
__main__[LINE:140]#CRITICAL [2022-09-24 22:11:40,002]  Нет работ на проверке.
__main__[LINE:147]#CRITICAL [2022-09-24 22:11:40,002]  Ошибка Сбой в работе программы: 'Нет работ на проверке.'
__main__[LINE:85]#INFO     [2022-09-24 22:21:40,816]  Проверяем корректность ответа от API.
__main__[LINE:104]#INFO     [2022-09-24 22:21:40,820]  Извлекаем информацию о конкретной домашней работе.
__main__[LINE:43]#INFO     [2022-09-24 22:21:40,821]  Начинаем отправлять сообщение пользователю.
__main__[LINE:51]#ERROR    [2022-09-24 22:21:40,907]  Ошибка "urllib3 HTTPError ('Connection aborted.', ConnectionResetError(54, 'Connection reset by peer'))", при отправке сообщения "Изменился статус проверки работы "homework_bot-master.zip". Работа проверена: у ревьюера есть замечания.".
__main__[LINE:121]#INFO     [2022-09-24 22:33:13,344]  Проверяем доступность переменных окружения
__main__[LINE:85]#INFO     [2022-09-24 22:33:14,007]  Проверяем корректность ответа от API.
__main__[LINE:104]#INFO     [2022-09-24 22:33:14,008]  Извлекаем информацию о конкретной домашней работе.
__main__[LINE:43]#INFO     [2022-09-24 22:33:14,008]  Начинаем отправлять сообщение пользователю.
__main__[LINE:48]#INFO     [2022-09-24 22:33:14,206]  Удачная отправка сообщения "Изменился статус проверки работы "homework_bot-master.zip". Работа проверена: у ревьюера есть замечания." пользователю.
__main__[LINE:109]#INFO     [2022-09-25 18:28:38,959]  Проверяем доступность переменных окружения
__main__[LINE:79]#INFO     [2022-09-25 18:28:39,175]  Проверяем корректность ответа от API.
__main__[LINE:136]#CRITICAL [2022-09-25 18:28:39,176]  Ошибка Сбой в работе программы: local variable 'message' referenced before assignment
__main__[LINE:115]#INFO     [2022-09-25 18:29:31,456]  Проверяем доступность переменных окружения
__main__[LINE:82]#INFO     [2022-09-25 18:29:32,030]  Проверяем корректность ответа от API.
__main__[LINE:142]#CRITICAL [2022-09-25 18:29:32,031]  Ошибка Сбой в работе программы: local variable 'message' referenced before assignment
__main__[LINE:121]#INFO     [2022-09-25 18:30:12,318]  Проверяем доступность переменных окружения
__main__[LINE:85]#INFO     [2022-09-25 18:30:12,804]  Проверяем корректность ответа от API.
__main__[LINE:148]#CRITICAL [2022-09-25 18:30:12,805]  Ошибка Сбой в работе программы: local variable 'message' referenced before assignment
__main__[LINE:121]#INFO     [2022-09-25 18:30:45,255]  Проверяем доступность переменных окружения
__main__[LINE:85]#INFO     [2022-09-25 18:30:45,588]  Проверяем корректность ответа от API.
__main__[LINE:150]#CRITICAL [2022-09-25 18:30:45,588]  Ошибка Сбой в работе программы: local variable 'message' referenced before assignment
__main__[LINE:121]#INFO     [2022-09-25 18:31:40,962]  Проверяем доступность переменных окружения
__main__[LINE:85]#INFO     [2022-09-25 18:31:42,308]  Проверяем корректность ответа от API.
__main__[LINE:104]#INFO     [2022-09-25 18:31:42,308]  Извлекаем информацию о конкретной домашней работе.
__main__[LINE:43]#INFO     [2022-09-25 18:31:42,308]  Начинаем отправлять сообщение пользователю.
__main__[LINE:48]#INFO     [2022-09-25 18:31:42,519]  Удачная отправка сообщения "Изменился статус проверки работы "homework_bot-master.zip". Работа проверена: у ревьюера есть замечания." пользователю.
__main__[LINE:121]#INFO     [2022-09-25 18:33:02,757]  Проверяем доступность переменных окружения
__main__[LINE:85]#INFO     [2022-09-25 18:33:03,205]  Проверяем корректность ответа от API.
__main__[LINE:141]#CRITICAL [2022-09-25 18:33:03,205]  Нет работ на проверке.
__main__[LINE:148]#CRITICAL [2022-09-25 18:33:03,205]  Ошибка Сбой в работе программы: 'Нет работ на проверке.'
__main__[LINE:121]#INFO     [2022-09-25 18:33:30,290]  Проверяем доступность переменных окружения
__main__[LINE:85]#INFO     [2022-09-25 18:33:30,785]  Проверяем корректность ответа от API.
__main__[LINE:141]#CRITICAL [2022-09-25 18:33:30,785]  Нет работ на проверке.
__main__[LINE:148]#CRITICAL [2022-09-25 18:33:30,786]  Ошибка Сбой в работе программы: 'Нет работ на проверке.'
__main__[LINE:121]#INFO     [2022-09-25 18:33:52,314]  Проверяем доступность переменных окружения
__main__[LINE:85]#INFO     [2022-09-25 18:33:52,550]  Проверяем корректность ответа от API.
__main__[LINE:104]#INFO     [2022-09-25 18:33:52,551]  Извлекаем информацию о конкретной домашней работе.
__main__[LINE:43]#INFO     [2022-09-25 18:33:52,551]  Начинаем отправлять сообщение пользователю.
__main__[LINE:48]#INFO     [2022-09-25 18:33:52,828]  Удачная отправка сообщения "Изменился статус проверки работы "homework_bot-master.zip". Работа проверена: у ревьюера есть замечания." пользователю.
__main__[LINE:121]#INFO     [2022-09-25 18:34:42,173]  Проверяем доступность переменных окружения
__main__[LINE:148]#CRITICAL [2022-09-25 18:34:42,173]  Ошибка Сбой в работе программы: local variable 'message' referenced before assignment
__main__[LINE:121]#INFO     [2022-09-25 18:35:03,243]  Проверяем доступность переменных окружения
__main__[LINE:85]#INFO     [2022-09-25 18:35:04,290]  Проверяем корректность ответа от API.
__main__[LINE:141]#CRITICAL [2022-09-25 18:35:04,291]  Нет работ на проверке.
__main__[LINE:148]#CRITICAL [2022-09-25 18:35:04,291]  Ошибка Сбой в работе программы: 'Нет работ на проверке.'
__main__[LINE:121]#INFO     [2022-09-25 18:36:53,918]  Проверяем доступность переменных окружения
__main__[LINE:85]#INFO     [2022-09-25 18:36:54,080]  Проверяем корректность ответа от API.
__main__[LINE:104]#INFO     [2022-09-25 18:36:54,080]  Извлекаем информацию о конкретной домашней работе.
__main__[LINE:43]#INFO     [2022-09-25 18:36:54,081]  Начинаем отправлять сообщение пользователю.
__main__[LINE:48]#INFO     [2022-09-25 18:36:54,871]  Удачная отправка сообщения "Изменился статус проверки работы "homework_bot-master.zip". Работа проверена: у ревьюера есть замечания." пользователю.
__main__[LINE:108]#INFO     [2022-09-25 18:38:41,070]  Проверяем доступность переменных окружения
__main__[LINE:79]#INFO     [2022-09-25 18:38:41,240]  Проверяем корректность ответа от API.
__main__[LINE:94]#INFO     [2022-09-25 18:38:41,240]  Извлекаем информацию о конкретной домашней работе.
__main__[LINE:43]#INFO     [2022-09-25 18:38:41,240]  Начинаем отправлять сообщение пользователю.
__main__[LINE:48]#INFO     [2022-09-25 18:38:41,447]  Удачная отправка сообщения "Изменился статус проверки работы "homework_bot-master.zip". Работа проверена: у ревьюера есть замечания." пользователю.
__main__[LINE:108]#INFO     [2022-09-26 14:50:00,753]  Проверяем доступность переменных окружения
__main__[LINE:79]#INFO     [2022-09-26 14:50:00,958]  Проверяем корректность ответа от API.
__main__[LINE:94]#INFO     [2022-09-26 14:50:00,958]  Извлекаем информацию о конкретной домашней работе.
__main__[LINE:134]#CRITICAL [2022-09-26 14:50:00,958]  Ошибка Сбой в работе программы: string index out of range
__main__[LINE:43]#INFO     [2022-09-26 14:50:00,958]  Начинаем отправлять сообщение пользователю.
__main__[LINE:48]#INFO     [2022-09-26 14:50:01,153]  Удачная отправка сообщения "Сбой в работе программы: string index out of range" пользователю.
__main__[LINE:108]#INFO     [2022-09-26 14:50:53,001]  Проверяем доступность переменных окружения
__main__[LINE:79]#INFO     [2022-09-26 14:50:53,213]  Проверяем корректность ответа от API.
__main__[LINE:94]#INFO     [2022-09-26 14:50:53,213]  Извлекаем информацию о конкретной домашней работе.
__main__[LINE:134]#CRITICAL [2022-09-26 14:50:53,214]  Ошибка Сбой в работе программы: string index out of range
__main__[LINE:43]#INFO     [2022-09-26 14:50:53,214]  Начинаем отправлять сообщение пользователю.
__main__[LINE:48]#INFO     [2022-09-26 14:50:53,459]  Удачная отправка сообщения "Сбой в работе программы: string index out of range" пользователю.
__main__[LINE:108]#INFO     [2022-09-26 14:51:17,083]  Проверяем доступность переменных окружения
__main__[LINE:79]#INFO     [2022-09-26 14:51:17,319]  Проверяем корректность ответа от API.
__main__[LINE:94]#INFO     [2022-09-26 14:51:17,319]  Извлекаем информацию о конкретной домашней работе.
__main__[LINE:43]#INFO     [2022-09-26 14:51:17,319]  Начинаем отправлять сообщение пользователю.
__main__[LINE:48]#INFO     [2022-09-26 14:51:17,509]  Удачная отправка сообщения "Изменился статус проверки работы "homework_bot-master.zip". Работа проверена: у ревьюера есть замечания." пользователю.
__main__[LINE:108]#INFO     [2022-09-26 15:01:59,133]  Проверяем доступность переменных окружения
__main__[LINE:79]#INFO     [2022-09-26 15:01:59,695]  Проверяем корректность ответа от API.
__main__[LINE:94]#INFO     [2022-09-26 15:01:59,695]  Извлекаем информацию о конкретной домашней работе.
__main__[LINE:134]#CRITICAL [2022-09-26 15:01:59,695]  Ошибка Сбой в работе программы: string index out of range
__main__[LINE:43]#INFO     [2022-09-26 15:01:59,695]  Начинаем отправлять сообщение пользователю.
__main__[LINE:48]#INFO     [2022-09-26 15:01:59,914]  Удачная отправка сообщения "Сбой в работе программы: string index out of range" пользователю.
__main__[LINE:108]#INFO     [2022-09-26 15:02:14,332]  Проверяем доступность переменных окружения
__main__[LINE:79]#INFO     [2022-09-26 15:02:14,917]  Проверяем корректность ответа от API.
__main__[LINE:94]#INFO     [2022-09-26 15:02:14,918]  Извлекаем информацию о конкретной домашней работе.
__main__[LINE:134]#CRITICAL [2022-09-26 15:02:14,918]  Ошибка Сбой в работе программы: string indices must be integers
__main__[LINE:43]#INFO     [2022-09-26 15:02:14,918]  Начинаем отправлять сообщение пользователю.
__main__[LINE:48]#INFO     [2022-09-26 15:02:15,146]  Удачная отправка сообщения "Сбой в работе программы: string indices must be integers" пользователю.
__main__[LINE:108]#INFO     [2022-09-26 15:02:31,077]  Проверяем доступность переменных окружения
__main__[LINE:79]#INFO     [2022-09-26 15:02:31,539]  Проверяем корректность ответа от API.
__main__[LINE:94]#INFO     [2022-09-26 15:02:31,539]  Извлекаем информацию о конкретной домашней работе.
__main__[LINE:134]#CRITICAL [2022-09-26 15:02:31,539]  Ошибка Сбой в работе программы: string indices must be integers
__main__[LINE:43]#INFO     [2022-09-26 15:02:31,540]  Начинаем отправлять сообщение пользователю.
__main__[LINE:48]#INFO     [2022-09-26 15:02:34,212]  Удачная отправка сообщения "Сбой в работе программы: string indices must be integers" пользователю.
__main__[LINE:108]#INFO     [2022-09-26 15:03:42,652]  Проверяем доступность переменных окружения
__main__[LINE:79]#INFO     [2022-09-26 15:03:42,863]  Проверяем корректность ответа от API.
__main__[LINE:94]#INFO     [2022-09-26 15:03:42,864]  Извлекаем информацию о конкретной домашней работе.
__main__[LINE:134]#CRITICAL [2022-09-26 15:03:42,864]  Ошибка Сбой в работе программы: 'int' object is not subscriptable
__main__[LINE:43]#INFO     [2022-09-26 15:03:42,864]  Начинаем отправлять сообщение пользователю.
__main__[LINE:48]#INFO     [2022-09-26 15:03:43,056]  Удачная отправка сообщения "Сбой в работе программы: 'int' object is not subscriptable" пользователю.
__main__[LINE:108]#INFO     [2022-09-26 15:06:15,305]  Проверяем доступность переменных окружения
__main__[LINE:79]#INFO     [2022-09-26 15:06:16,200]  Проверяем корректность ответа от API.
__main__[LINE:94]#INFO     [2022-09-26 15:06:16,201]  Извлекаем информацию о конкретной домашней работе.
__main__[LINE:134]#CRITICAL [2022-09-26 15:06:16,201]  Ошибка Сбой в работе программы: string index out of range
__main__[LINE:43]#INFO     [2022-09-26 15:06:16,201]  Начинаем отправлять сообщение пользователю.
__main__[LINE:48]#INFO     [2022-09-26 15:06:16,793]  Удачная отправка сообщения "Сбой в работе программы: string index out of range" пользователю.
__main__[LINE:108]#INFO     [2022-09-26 15:07:41,177]  Проверяем доступность переменных окружения
__main__[LINE:79]#INFO     [2022-09-26 15:07:41,637]  Проверяем корректность ответа от API.
__main__[LINE:94]#INFO     [2022-09-26 15:07:41,637]  Извлекаем информацию о конкретной домашней работе.
__main__[LINE:134]#CRITICAL [2022-09-26 15:07:41,638]  Ошибка Сбой в работе программы: string indices must be integers
__main__[LINE:43]#INFO     [2022-09-26 15:07:41,638]  Начинаем отправлять сообщение пользователю.
__main__[LINE:48]#INFO     [2022-09-26 15:07:41,865]  Удачная отправка сообщения "Сбой в работе программы: string indices must be integers" пользователю.
__main__[LINE:108]#INFO     [2022-09-26 15:09:00,204]  Проверяем доступность переменных окружения
__main__[LINE:79]#INFO     [2022-09-26 15:09:03,106]  Проверяем корректность ответа от API.
__main__[LINE:94]#INFO     [2022-09-26 15:09:03,107]  Извлекаем информацию о конкретной домашней работе.
__main__[LINE:134]#CRITICAL [2022-09-26 15:09:03,107]  Ошибка Сбой в работе программы: string indices must be integers
__main__[LINE:43]#INFO     [2022-09-26 15:09:03,108]  Начинаем отправлять сообщение пользователю.
__main__[LINE:48]#INFO     [2022-09-26 15:09:03,299]  Удачная отправка сообщения "Сбой в работе программы: string indices must be integers" пользователю.
__main__[LINE:108]#INFO     [2022-09-26 15:23:48,418]  Проверяем доступность переменных окружения
__main__[LINE:79]#INFO     [2022-09-26 15:23:48,666]  Проверяем корректность ответа от API.
__main__[LINE:94]#INFO     [2022-09-26 15:23:48,666]  Извлекаем информацию о конкретной домашней работе.
__main__[LINE:43]#INFO     [2022-09-26 15:23:48,666]  Начинаем отправлять сообщение пользователю.
__main__[LINE:48]#INFO     [2022-09-26 15:23:48,870]  Удачная отправка сообщения "Изменился статус проверки работы "homework_bot-master.zip". Работа проверена: у ревьюера есть замечания." пользователю.
__main__[LINE:108]#INFO     [2022-09-26 15:56:31,656]  Проверяем доступность переменных окружения
__main__[LINE:79]#INFO     [2022-09-26 15:56:31,934]  Проверяем корректность ответа от API.
__main__[LINE:94]#INFO     [2022-09-26 15:56:31,934]  Извлекаем информацию о конкретной домашней работе.
__main__[LINE:43]#INFO     [2022-09-26 15:56:31,934]  Начинаем отправлять сообщение пользователю.
__main__[LINE:48]#INFO     [2022-09-26 15:56:32,148]  Удачная отправка сообщения "Изменился статус проверки работы "homework_bot-master.zip". Работа проверена: у ревьюера есть замечания." пользователю.
__main__[LINE:108]#INFO     [2022-09-26 15:58:12,382]  Проверяем доступность переменных окружения
__main__[LINE:79]#INFO     [2022-09-26 15:58:12,612]  Проверяем корректность ответа от API.
__main__[LINE:135]#CRITICAL [2022-09-26 15:58:12,612]  Ошибка Сбой в работе программы: local variable 'message' referenced before assignment
__main__[LINE:108]#INFO     [2022-09-26 15:58:37,758]  Проверяем доступность переменных окружения
__main__[LINE:79]#INFO     [2022-09-26 15:58:38,347]  Проверяем корректность ответа от API.
__main__[LINE:136]#CRITICAL [2022-09-26 15:58:38,348]  Ошибка Сбой в работе программы: local variable 'message' referenced before assignment
__main__[LINE:108]#INFO     [2022-09-26 15:59:26,577]  Проверяем доступность переменных окружения
__main__[LINE:79]#INFO     [2022-09-26 15:59:26,821]  Проверяем корректность ответа от API.
__main__[LINE:128]#CRITICAL [2022-09-26 15:59:26,821]  Нет работ на проверке.
__main__[LINE:135]#CRITICAL [2022-09-26 15:59:26,821]  Ошибка Сбой в работе программы: 'Нет работ на проверке.'
__main__[LINE:43]#INFO     [2022-09-26 15:59:26,822]  Начинаем отправлять сообщение пользователю.
__main__[LINE:48]#INFO     [2022-09-26 15:59:27,016]  Удачная отправка сообщения "Сбой в работе программы: 'Нет работ на проверке.'" пользователю.
__main__[LINE:108]#INFO     [2022-09-26 16:00:12,954]  Проверяем доступность переменных окружения
__main__[LINE:79]#INFO     [2022-09-26 16:00:13,500]  Проверяем корректность ответа от API.
__main__[LINE:128]#CRITICAL [2022-09-26 16:00:13,501]  Нет работ на проверке.
__main__[LINE:135]#CRITICAL [2022-09-26 16:00:13,501]  Ошибка Сбой в работе программы: 'Нет работ на проверке.'
__main__[LINE:108]#INFO     [2022-09-26 16:00:34,986]  Проверяем доступность переменных окружения
__main__[LINE:79]#INFO     [2022-09-26 16:00:35,591]  Проверяем корректность ответа от API.
__main__[LINE:129]#CRITICAL [2022-09-26 16:00:35,591]  Нет работ на проверке.
__main__[LINE:136]#CRITICAL [2022-09-26 16:00:35,591]  Ошибка Сбой в работе программы: 'Нет работ на проверке.'
__main__[LINE:108]#INFO     [2022-09-26 16:01:19,083]  Проверяем доступность переменных окружения
__main__[LINE:79]#INFO     [2022-09-26 16:01:19,621]  Проверяем корректность ответа от API.
__main__[LINE:130]#CRITICAL [2022-09-26 16:01:19,621]  Нет работ на проверке.
__main__[LINE:137]#CRITICAL [2022-09-26 16:01:19,621]  Ошибка Сбой в работе программы: 'Нет работ на проверке.'
__main__[LINE:79]#INFO     [2022-09-26 16:01:20,442]  Проверяем корректность ответа от API.
__main__[LINE:43]#INFO     [2022-09-26 16:01:20,443]  Начинаем отправлять сообщение пользователю.
__main__[LINE:48]#INFO     [2022-09-26 16:01:20,670]  Удачная отправка сообщения "Сбой в работе программы: 'Нет работ на проверке.'" пользователю.
__main__[LINE:94]#INFO     [2022-09-26 16:11:20,696]  Извлекаем информацию о конкретной домашней работе.
__main__[LINE:79]#INFO     [2022-09-26 16:11:21,035]  Проверяем корректность ответа от API.
__main__[LINE:130]#CRITICAL [2022-09-26 16:11:21,035]  Нет работ на проверке.
__main__[LINE:137]#CRITICAL [2022-09-26 16:11:21,035]  Ошибка Сбой в работе программы: 'Нет работ на проверке.'
__main__[LINE:79]#INFO     [2022-09-26 16:11:21,433]  Проверяем корректность ответа от API.
__main__[LINE:130]#CRITICAL [2022-09-26 16:11:21,433]  Нет работ на проверке.
__main__[LINE:137]#CRITICAL [2022-09-26 16:11:21,433]  Ошибка Сбой в работе программы: 'Нет работ на проверке.'
__main__[LINE:79]#INFO     [2022-09-26 16:11:21,619]  Проверяем корректность ответа от API.
__main__[LINE:130]#CRITICAL [2022-09-26 16:11:21,620]  Нет работ на проверке.
__main__[LINE:137]#CRITICAL [2022-09-26 16:11:21,620]  Ошибка Сбой в работе программы: 'Нет работ на проверке.'
__main__[LINE:79]#INFO     [2022-09-26 16:11:22,369]  Проверяем корректность ответа от API.
__main__[LINE:130]#CRITICAL [2022-09-26 16:11:22,369]  Нет работ на проверке.
__main__[LINE:137]#CRITICAL [2022-09-26 16:11:22,370]  Ошибка Сбой в работе программы: 'Нет работ на проверке.'
__main__[LINE:79]#INFO     [2022-09-26 16:11:22,543]  Проверяем корректность ответа от API.
__main__[LINE:130]#CRITICAL [2022-09-26 16:11:22,543]  Нет работ на проверке.
__main__[LINE:137]#CRITICAL [2022-09-26 16:11:22,543]  Ошибка Сбой в работе программы: 'Нет работ на проверке.'
__main__[LINE:79]#INFO     [2022-09-26 16:11:22,717]  Проверяем корректность ответа от API.
__main__[LINE:130]#CRITICAL [2022-09-26 16:11:22,717]  Нет работ на проверке.
__main__[LINE:137]#CRITICAL [2022-09-26 16:11:22,717]  Ошибка Сбой в работе программы: 'Нет работ на проверке.'
__main__[LINE:79]#INFO     [2022-09-26 16:11:22,940]  Проверяем корректность ответа от API.
__main__[LINE:130]#CRITICAL [2022-09-26 16:11:22,941]  Нет работ на проверке.
__main__[LINE:137]#CRITICAL [2022-09-26 16:11:22,941]  Ошибка Сбой в работе программы: 'Нет работ на проверке.'
__main__[LINE:79]#INFO     [2022-09-26 16:11:23,133]  Проверяем корректность ответа от API.
__main__[LINE:130]#CRITICAL [2022-09-26 16:11:23,133]  Нет работ на проверке.
__main__[LINE:137]#CRITICAL [2022-09-26 16:11:23,133]  Ошибка Сбой в работе программы: 'Нет работ на проверке.'
__main__[LINE:79]#INFO     [2022-09-26 16:11:24,001]  Проверяем корректность ответа от API.
__main__[LINE:130]#CRITICAL [2022-09-26 16:11:24,002]  Нет работ на проверке.
__main__[LINE:137]#CRITICAL [2022-09-26 16:11:24,002]  Ошибка Сбой в работе программы: 'Нет работ на проверке.'
__main__[LINE:79]#INFO     [2022-09-26 16:11:24,721]  Проверяем корректность ответа от API.
__main__[LINE:130]#CRITICAL [2022-09-26 16:11:24,722]  Нет работ на проверке.
__main__[LINE:137]#CRITICAL [2022-09-26 16:11:24,722]  Ошибка Сбой в работе программы: 'Нет работ на проверке.'
__main__[LINE:79]#INFO     [2022-09-26 16:11:24,931]  Проверяем корректность ответа от API.
__main__[LINE:130]#CRITICAL [2022-09-26 16:11:24,931]  Нет работ на проверке.
__main__[LINE:137]#CRITICAL [2022-09-26 16:11:24,931]  Ошибка Сбой в работе программы: 'Нет работ на проверке.'
__main__[LINE:79]#INFO     [2022-09-26 16:11:25,138]  Проверяем корректность ответа от API.
__main__[LINE:130]#CRITICAL [2022-09-26 16:11:25,138]  Нет работ на проверке.
__main__[LINE:137]#CRITICAL [2022-09-26 16:11:25,139]  Ошибка Сбой в работе программы: 'Нет работ на проверке.'
__main__[LINE:79]#INFO     [2022-09-26 16:11:25,307]  Проверяем корректность ответа от API.
__main__[LINE:130]#CRITICAL [2022-09-26 16:11:25,308]  Нет работ на проверке.
__main__[LINE:137]#CRITICAL [2022-09-26 16:11:25,308]  Ошибка Сбой в работе программы: 'Нет работ на проверке.'
__main__[LINE:79]#INFO     [2022-09-26 16:11:25,485]  Проверяем корректность ответа от API.
__main__[LINE:130]#CRITICAL [2022-09-26 16:11:25,486]  Нет работ на проверке.
__main__[LINE:137]#CRITICAL [2022-09-26 16:11:25,486]  Ошибка Сбой в работе программы: 'Нет работ на проверке.'
__main__[LINE:79]#INFO     [2022-09-26 16:11:25,926]  Проверяем корректность ответа от API.
__main__[LINE:130]#CRITICAL [2022-09-26 16:11:25,926]  Нет работ на проверке.
__main__[LINE:137]#CRITICAL [2022-09-26 16:11:25,926]  Ошибка Сбой в работе программы: 'Нет работ на проверке.'
__main__[LINE:79]#INFO     [2022-09-26 16:11:26,136]  Проверяем корректность ответа от API.
__main__[LINE:130]#CRITICAL [2022-09-26 16:11:26,137]  Нет работ на проверке.
__main__[LINE:137]#CRITICAL [2022-09-26 16:11:26,138]  Ошибка Сбой в работе программы: 'Нет работ на проверке.'
__main__[LINE:79]#INFO     [2022-09-26 16:11:26,327]  Проверяем корректность ответа от API.
__main__[LINE:130]#CRITICAL [2022-09-26 16:11:26,328]  Нет работ на проверке.
__main__[LINE:137]#CRITICAL [2022-09-26 16:11:26,328]  Ошибка Сбой в работе программы: 'Нет работ на проверке.'
__main__[LINE:79]#INFO     [2022-09-26 16:11:26,498]  Проверяем корректность ответа от API.
__main__[LINE:130]#CRITICAL [2022-09-26 16:11:26,499]  Нет работ на проверке.
__main__[LINE:137]#CRITICAL [2022-09-26 16:11:26,499]  Ошибка Сбой в работе программы: 'Нет работ на проверке.'
__main__[LINE:108]#INFO     [2022-09-26 16:11:31,388]  Проверяем доступность переменных окружения
__main__[LINE:79]#INFO     [2022-09-26 16:11:31,704]  Проверяем корректность ответа от API.
__main__[LINE:94]#INFO     [2022-09-26 16:11:31,704]  Извлекаем информацию о конкретной домашней работе.
__main__[LINE:43]#INFO     [2022-09-26 16:11:31,704]  Начинаем отправлять сообщение пользователю.
__main__[LINE:48]#INFO     [2022-09-26 16:11:31,987]  Удачная отправка сообщения "Изменился статус проверки работы "homework_bot-master.zip". Работа проверена: у ревьюера есть замечания." пользователю.
__main__[LINE:108]#INFO     [2022-09-26 16:13:27,030]  Проверяем доступность переменных окружения
__main__[LINE:79]#INFO     [2022-09-26 16:13:27,207]  Проверяем корректность ответа от API.
__main__[LINE:94]#INFO     [2022-09-26 16:13:27,208]  Извлекаем информацию о конкретной домашней работе.
__main__[LINE:43]#INFO     [2022-09-26 16:13:27,208]  Начинаем отправлять сообщение пользователю.
__main__[LINE:48]#INFO     [2022-09-26 16:13:27,663]  Удачная отправка сообщения "Изменился статус проверки работы "homework_bot-master.zip". Работа проверена: у ревьюера есть замечания." пользователю.
__main__[LINE:108]#INFO     [2022-09-26 16:14:22,086]  Проверяем доступность переменных окружения
__main__[LINE:79]#INFO     [2022-09-26 16:14:22,356]  Проверяем корректность ответа от API.
__main__[LINE:94]#INFO     [2022-09-26 16:14:22,357]  Извлекаем информацию о конкретной домашней работе.
__main__[LINE:43]#INFO     [2022-09-26 16:14:22,357]  Начинаем отправлять сообщение пользователю.
__main__[LINE:48]#INFO     [2022-09-26 16:14:23,614]  Удачная отправка сообщения "Изменился статус проверки работы "homework_bot-master.zip". Работа проверена: у ревьюера есть замечания." пользователю.
__main__[LINE:108]#INFO     [2022-09-26 16:18:34,101]  Проверяем доступность переменных окружения
__main__[LINE:79]#INFO     [2022-09-26 16:18:35,122]  Проверяем корректность ответа от API.
__main__[LINE:94]#INFO     [2022-09-26 16:18:35,123]  Извлекаем информацию о конкретной домашней работе.
__main__[LINE:43]#INFO     [2022-09-26 16:18:35,123]  Начинаем отправлять сообщение пользователю.
__main__[LINE:48]#INFO     [2022-09-26 16:18:38,079]  Удачная отправка сообщения "Изменился статус проверки работы "yatube_project-main-5.zip". Работа проверена: ревьюеру всё понравилось. Ура!" пользователю.
__main__[LINE:108]#INFO     [2022-09-26 20:51:42,739]  Проверяем доступность переменных окружения
__main__[LINE:79]#INFO     [2022-09-26 20:51:42,972]  Проверяем корректность ответа от API.
__main__[LINE:94]#INFO     [2022-09-26 20:51:42,972]  Извлекаем информацию о конкретной домашней работе.
__main__[LINE:44]#INFO     [2022-09-26 20:51:42,972]  Начинаем отправлять сообщение пользователю.
__main__[LINE:49]#INFO     [2022-09-26 20:51:43,603]  Удачная отправка сообщения "Изменился статус проверки работы "homework_bot-master.zip". Работа проверена: у ревьюера есть замечания." пользователю.
__main__[LINE:108]#INFO     [2022-09-26 20:52:27,825]  Проверяем доступность переменных окружения
__main__[LINE:79]#INFO     [2022-09-26 20:52:28,495]  Проверяем корректность ответа от API.
__main__[LINE:94]#INFO     [2022-09-26 20:52:28,495]  Извлекаем информацию о конкретной домашней работе.
__main__[LINE:44]#INFO     [2022-09-26 20:52:28,496]  Начинаем отправлять сообщение пользователю.
__main__[LINE:51]#ERROR    [2022-09-26 20:52:28,668]  Ошибка: Unauthorized
__main__[LINE:133]#CRITICAL [2022-09-26 20:52:28,668]  Ошибка Сбой в работе программы: module 'exception' has no attribute 'NotSendMessageError'
__main__[LINE:108]#INFO     [2022-09-26 21:05:06,914]  Проверяем доступность переменных окружения
__main__[LINE:79]#INFO     [2022-09-26 21:05:07,084]  Проверяем корректность ответа от API.
__main__[LINE:94]#INFO     [2022-09-26 21:05:07,084]  Извлекаем информацию о конкретной домашней работе.
__main__[LINE:44]#INFO     [2022-09-26 21:05:07,084]  Начинаем отправлять сообщение пользователю.
__main__[LINE:133]#CRITICAL [2022-09-26 21:05:07,870]  Ошибка Сбой в работе программы: module 'exception' has no attribute 'SendMessedge'
__main__[LINE:108]#INFO     [2022-09-26 21:05:57,382]  Проверяем доступность переменных окружения
__main__[LINE:79]#INFO     [2022-09-26 21:05:57,731]  Проверяем корректность ответа от API.
__main__[LINE:94]#INFO     [2022-09-26 21:05:57,732]  Извлекаем информацию о конкретной домашней работе.
__main__[LINE:44]#INFO     [2022-09-26 21:05:57,732]  Начинаем отправлять сообщение пользователю.
__main__[LINE:133]#CRITICAL [2022-09-26 21:05:57,908]  Ошибка Сбой в работе программы: module 'exception' has no attribute 'SendMessedge'
__main__[LINE:108]#INFO     [2022-09-26 21:12:22,197]  Проверяем доступность переменных окружения
__main__[LINE:79]#INFO     [2022-09-26 21:12:22,851]  Проверяем корректность ответа от API.
__main__[LINE:94]#INFO     [2022-09-26 21:12:22,851]  Извлекаем информацию о конкретной домашней работе.
__main__[LINE:44]#INFO     [2022-09-26 21:12:22,851]  Начинаем отправлять сообщение пользователю.
__main__[LINE:133]#CRITICAL [2022-09-26 21:12:23,027]  Ошибка Сбой в работе программы: module 'pyception' has no attribute 'SendMessedge'
__main__[LINE:110]#INFO     [2022-09-26 21:23:45,380]  Проверяем доступность переменных окружения
__main__[LINE:81]#INFO     [2022-09-26 21:23:45,890]  Проверяем корректность ответа от API.
__main__[LINE:96]#INFO     [2022-09-26 21:23:45,891]  Извлекаем информацию о конкретной домашней работе.
__main__[LINE:46]#INFO     [2022-09-26 21:23:45,891]  Начинаем отправлять сообщение пользователю.
__main__[LINE:135]#CRITICAL [2022-09-26 21:23:46,054]  Ошибка Сбой в работе программы: module 'exceptions' has no attribute 'SendMessedge'
__main__[LINE:111]#INFO     [2022-09-26 21:24:56,757]  Проверяем доступность переменных окружения
__main__[LINE:82]#INFO     [2022-09-26 21:24:57,140]  Проверяем корректность ответа от API.
__main__[LINE:97]#INFO     [2022-09-26 21:24:57,141]  Извлекаем информацию о конкретной домашней работе.
__main__[LINE:46]#INFO     [2022-09-26 21:24:57,141]  Начинаем отправлять сообщение пользователю.
__main__[LINE:53]#ERROR    [2022-09-26 21:24:57,323]  Cбой при отправке сообщения в Telegram: Изменился статус проверки работы "homework_bot-master.zip". Работа проверена: у ревьюера есть замечания..
__main__[LINE:136]#CRITICAL [2022-09-26 21:24:57,323]  Ошибка Сбой в работе программы: module 'exceptions' has no attribute 'SendMessedge'
__main__[LINE:108]#INFO     [2022-09-26 21:28:27,372]  Проверяем доступность переменных окружения
__main__[LINE:79]#INFO     [2022-09-26 21:28:28,003]  Проверяем корректность ответа от API.
__main__[LINE:94]#INFO     [2022-09-26 21:28:28,004]  Извлекаем информацию о конкретной домашней работе.
__main__[LINE:46]#INFO     [2022-09-26 21:28:28,004]  Начинаем отправлять сообщение пользователю.
__main__[LINE:133]#CRITICAL [2022-09-26 21:28:28,230]  Ошибка Сбой в работе программы: Не отправляются сообщения, Unauthorized
__main__[LINE:108]#INFO     [2022-09-26 21:35:06,195]  Проверяем доступность переменных окружения
__main__[LINE:79]#INFO     [2022-09-26 21:35:06,452]  Проверяем корректность ответа от API.
__main__[LINE:94]#INFO     [2022-09-26 21:35:06,452]  Извлекаем информацию о конкретной домашней работе.
__main__[LINE:46]#INFO     [2022-09-26 21:35:06,452]  Начинаем отправлять сообщение пользователю.
__main__[LINE:133]#CRITICAL [2022-09-26 21:35:06,637]  Ошибка Сбой в работе программы: Неудачная отправка сообщения "Изменился статус проверки работы "homework_bot-master.zip". Работа проверена: у ревьюера есть замечания." пользователю.
__main__[LINE:108]#INFO     [2022-09-26 21:36:24,157]  Проверяем доступность переменных окружения
__main__[LINE:79]#INFO     [2022-09-26 21:36:24,363]  Проверяем корректность ответа от API.
__main__[LINE:94]#INFO     [2022-09-26 21:36:24,364]  Извлекаем информацию о конкретной домашней работе.
__main__[LINE:46]#INFO     [2022-09-26 21:36:24,364]  Начинаем отправлять сообщение пользователю.
__main__[LINE:133]#CRITICAL [2022-09-26 21:36:25,891]  Ошибка Сбой в работе программы: Неудачная отправка сообщения "Изменился статус проверки работы "homework_bot-master.zip". Работа проверена: у ревьюера есть замечания." пользователю.
__main__[LINE:110]#INFO     [2022-09-26 21:36:51,448]  Проверяем доступность переменных окружения
__main__[LINE:81]#INFO     [2022-09-26 21:36:51,906]  Проверяем корректность ответа от API.
__main__[LINE:96]#INFO     [2022-09-26 21:36:51,906]  Извлекаем информацию о конкретной домашней работе.
__main__[LINE:46]#INFO     [2022-09-26 21:36:51,906]  Начинаем отправлять сообщение пользователю.
root[LINE:54]#ERROR    [2022-09-26 21:36:52,098]  telegram message dispatch error: Unauthorized
__main__[LINE:135]#CRITICAL [2022-09-26 21:36:52,098]  Ошибка Сбой в работе программы: telegram message dispatch error: Unauthorized
__main__[LINE:109]#INFO     [2022-09-26 21:37:27,531]  Проверяем доступность переменных окружения
__main__[LINE:80]#INFO     [2022-09-26 21:37:27,953]  Проверяем корректность ответа от API.
__main__[LINE:95]#INFO     [2022-09-26 21:37:27,954]  Извлекаем информацию о конкретной домашней работе.
__main__[LINE:46]#INFO     [2022-09-26 21:37:27,954]  Начинаем отправлять сообщение пользователю.
__main__[LINE:134]#CRITICAL [2022-09-26 21:37:28,108]  Ошибка Сбой в работе программы: telegram message dispatch error: Unauthorized
__main__[LINE:109]#INFO     [2022-09-26 21:38:10,979]  Проверяем доступность переменных окружения
__main__[LINE:80]#INFO     [2022-09-26 21:38:11,179]  Проверяем корректность ответа от API.
__main__[LINE:95]#INFO     [2022-09-26 21:38:11,179]  Извлекаем информацию о конкретной домашней работе.
__main__[LINE:46]#INFO     [2022-09-26 21:38:11,179]  Начинаем отправлять сообщение пользователю.
__main__[LINE:134]#CRITICAL [2022-09-26 21:38:11,654]  Ошибка Сбой в работе программы: Cбой при отправке сообщения в Telegram: Изменился статус проверки работы "homework_bot-master.zip". Работа проверена: у ревьюера есть замечания..
__main__[LINE:108]#INFO     [2022-09-26 21:39:07,573]  Проверяем доступность переменных окружения
__main__[LINE:79]#INFO     [2022-09-26 21:39:07,757]  Проверяем корректность ответа от API.
__main__[LINE:94]#INFO     [2022-09-26 21:39:07,758]  Извлекаем информацию о конкретной домашней работе.
__main__[LINE:46]#INFO     [2022-09-26 21:39:07,758]  Начинаем отправлять сообщение пользователю.
__main__[LINE:133]#CRITICAL [2022-09-26 21:39:09,119]  Ошибка Сбой в работе программы: Cбой при отправке сообщения в Telegram: Unauthorized.
__main__[LINE:109]#INFO     [2022-09-26 21:48:27,819]  Проверяем доступность переменных окружения
__main__[LINE:80]#INFO     [2022-09-26 21:48:28,184]  Проверяем корректность ответа от API.
__main__[LINE:95]#INFO     [2022-09-26 21:48:28,185]  Извлекаем информацию о конкретной домашней работе.
__main__[LINE:46]#INFO     [2022-09-26 21:48:28,185]  Начинаем отправлять сообщение пользователю.
__main__[LINE:134]#CRITICAL [2022-09-26 21:48:28,363]  Ошибка Сбой в работе программы: Сбой "Unauthorized" при отправке сообщения Изменился статус проверки работы "homework_bot-master.zip". Работа проверена: у ревьюера есть замечания. в Telegram
__main__[LINE:110]#INFO     [2022-09-26 21:50:12,201]  Проверяем доступность переменных окружения
__main__[LINE:81]#INFO     [2022-09-26 21:50:13,045]  Проверяем корректность ответа от API.
__main__[LINE:96]#INFO     [2022-09-26 21:50:13,045]  Извлекаем информацию о конкретной домашней работе.
__main__[LINE:46]#INFO     [2022-09-26 21:50:13,045]  Начинаем отправлять сообщение пользователю.
__main__[LINE:135]#CRITICAL [2022-09-26 21:50:13,245]  Ошибка Сбой в работе программы: Сбой "Unauthorized" при отправке сообщения Изменился статус проверки работы "homework_bot-master.zip". Работа проверена: у ревьюера есть замечания. в Telegram
__main__[LINE:110]#INFO     [2022-09-26 21:52:22,935]  Проверяем доступность переменных окружения
__main__[LINE:81]#INFO     [2022-09-26 21:52:23,731]  Проверяем корректность ответа от API.
__main__[LINE:96]#INFO     [2022-09-26 21:52:23,732]  Извлекаем информацию о конкретной домашней работе.
__main__[LINE:46]#INFO     [2022-09-26 21:52:23,732]  Начинаем отправлять сообщение пользователю.
__main__[LINE:135]#CRITICAL [2022-09-26 21:52:23,888]  Ошибка Сбой в работе программы: Сбой "Unauthorized" при отправке сообщения Изменился статус проверки работы "homework_bot-master.zip". Работа проверена: у ревьюера есть замечания. в Telegram
__main__[LINE:110]#INFO     [2022-09-26 21:53:56,295]  Проверяем доступность переменных окружения
__main__[LINE:81]#INFO     [2022-09-26 21:53:58,886]  Проверяем корректность ответа от API.
__main__[LINE:96]#INFO     [2022-09-26 21:53:58,886]  Извлекаем информацию о конкретной домашней работе.
__main__[LINE:46]#INFO     [2022-09-26 21:53:58,886]  Начинаем отправлять сообщение пользователю.
__main__[LINE:51]#INFO     [2022-09-26 21:53:59,673]  Удачная отправка сообщения "Изменился статус проверки работы "homework_bot-master.zip". Работа проверена: у ревьюера есть замечания." пользователю.
__main__[LINE:109]#INFO     [2022-09-26 23:44:35,555]  Проверяем доступность переменных окружения
__main__[LINE:80]#INFO     [2022-09-26 23:44:35,835]  Проверяем корректность ответа от API.
__main__[LINE:95]#INFO     [2022-09-26 23:44:35,835]  Извлекаем информацию о конкретной домашней работе.
__main__[LINE:45]#INFO     [2022-09-26 23:44:35,835]  Начинаем отправлять сообщение пользователю.
__main__[LINE:50]#INFO     [2022-09-26 23:44:36,063]  Удачная отправка сообщения "Изменился статус проверки работы "yatube_project-main-5.zip". Работа проверена: ревьюеру всё понравилось. Ура!" пользователю.
__main__[LINE:109]#INFO     [2022-09-27 00:04:41,900]  Проверяем доступность переменных окружения
__main__[LINE:80]#INFO     [2022-09-27 00:04:42,130]  Проверяем корректность ответа от API.
__main__[LINE:95]#INFO     [2022-09-27 00:04:42,131]  Извлекаем информацию о конкретной домашней работе.
__main__[LINE:45]#INFO     [2022-09-27 00:04:42,131]  Начинаем отправлять сообщение пользователю.
__main__[LINE:50]#INFO     [2022-09-27 00:04:42,330]  Удачная отправка сообщения "Изменился статус проверки работы "yatube_project-main-5.zip". Работа проверена: ревьюеру всё понравилось. Ура!" пользователю.
__main__[LINE:109]#INFO     [2022-09-27 00:05:38,764]  Проверяем доступность переменных окружения
__main__[LINE:80]#INFO     [2022-09-27 00:05:38,974]  Проверяем корректность ответа от API.
__main__[LINE:95]#INFO     [2022-09-27 00:05:38,974]  Извлекаем информацию о конкретной домашней работе.
__main__[LINE:45]#INFO     [2022-09-27 00:05:38,974]  Начинаем отправлять сообщение пользователю.
__main__[LINE:50]#INFO     [2022-09-27 00:05:39,223]  Удачная отправка сообщения "Изменился статус проверки работы "yatube_project-main-5.zip". Работа проверена: ревьюеру всё понравилось. Ура!" пользователю.
__main__[LINE:109]#INFO     [2022-09-27 00:06:14,299]  Проверяем доступность переменных окружения
__main__[LINE:80]#INFO     [2022-09-27 00:06:14,497]  Проверяем корректность ответа от API.
__main__[LINE:95]#INFO     [2022-09-27 00:06:14,497]  Извлекаем информацию о конкретной домашней работе.
__main__[LINE:45]#INFO     [2022-09-27 00:06:14,498]  Начинаем отправлять сообщение пользователю.
__main__[LINE:50]#INFO     [2022-09-27 00:06:14,748]  Удачная отправка сообщения "Изменился статус проверки работы "yatube_project-main-5.zip". Работа проверена: ревьюеру всё понравилось. Ура!" пользователю.
__main__[LINE:109]#INFO     [2022-09-27 00:07:22,420]  Проверяем доступность переменных окружения
__main__[LINE:80]#INFO     [2022-09-27 00:07:22,618]  Проверяем корректность ответа от API.
__main__[LINE:95]#INFO     [2022-09-27 00:07:22,618]  Извлекаем информацию о конкретной домашней работе.
__main__[LINE:45]#INFO     [2022-09-27 00:07:22,618]  Начинаем отправлять сообщение пользователю.
__main__[LINE:134]#CRITICAL [2022-09-27 00:07:22,795]  Ошибка Сбой в работе программы: Сбой "Unauthorized" при отправке сообщения Изменился статус проверки работы "yatube_project-main-5.zip". Работа проверена: ревьюеру всё понравилось. Ура! в Telegram
__main__[LINE:108]#INFO     [2022-09-27 00:10:35,156]  Проверяем доступность переменных окружения
__main__[LINE:79]#INFO     [2022-09-27 00:10:35,407]  Проверяем корректность ответа от API.
__main__[LINE:94]#INFO     [2022-09-27 00:10:35,407]  Извлекаем информацию о конкретной домашней работе.
__main__[LINE:43]#INFO     [2022-09-27 00:10:35,407]  Начинаем отправлять сообщение пользователю.
__main__[LINE:48]#INFO     [2022-09-27 00:10:35,653]  Удачная отправка сообщения "Изменился статус проверки работы "yatube_project-main-5.zip". Работа проверена: ревьюеру всё понравилось. Ура!" пользователю.
__main__[LINE:121]#INFO     [2022-09-27 00:11:54,915]  Проверяем доступность переменных окружения
__main__[LINE:85]#INFO     [2022-09-27 00:11:55,107]  Проверяем корректность ответа от API.
__main__[LINE:104]#INFO     [2022-09-27 00:11:55,108]  Извлекаем информацию о конкретной домашней работе.
__main__[LINE:43]#INFO     [2022-09-27 00:11:55,108]  Начинаем отправлять сообщение пользователю.
__main__[LINE:48]#INFO     [2022-09-27 00:11:55,293]  Удачная отправка сообщения "Изменился статус проверки работы "yatube_project-main-5.zip". Работа проверена: ревьюеру всё понравилось. Ура!" пользователю.
__main__[LINE:121]#INFO     [2022-09-27 00:12:04,590]  Проверяем доступность переменных окружения
__main__[LINE:85]#INFO     [2022-09-27 00:12:04,778]  Проверяем корректность ответа от API.
__main__[LINE:104]#INFO     [2022-09-27 00:12:04,778]  Извлекаем информацию о конкретной домашней работе.
__main__[LINE:43]#INFO     [2022-09-27 00:12:04,778]  Начинаем отправлять сообщение пользователю.
__main__[LINE:48]#INFO     [2022-09-27 00:12:05,094]  Удачная отправка сообщения "Изменился статус проверки работы "yatube_project-main-5.zip". Работа проверена: ревьюеру всё понравилось. Ура!" пользователю.
__main__[LINE:109]#INFO     [2022-09-27 00:13:37,301]  Проверяем доступность переменных окружения
__main__[LINE:80]#INFO     [2022-09-27 00:13:37,530]  Проверяем корректность ответа от API.
__main__[LINE:95]#INFO     [2022-09-27 00:13:37,530]  Извлекаем информацию о конкретной домашней работе.
__main__[LINE:45]#INFO     [2022-09-27 00:13:37,530]  Начинаем отправлять сообщение пользователю.
__main__[LINE:50]#INFO     [2022-09-27 00:13:37,716]  Удачная отправка сообщения "Изменился статус проверки работы "yatube_project-main-5.zip". Работа проверена: ревьюеру всё понравилось. Ура!" пользователю.
__main__[LINE:110]#INFO     [2022-09-27 00:16:06,278]  Проверяем доступность переменных окружения
__main__[LINE:81]#INFO     [2022-09-27 00:16:06,461]  Проверяем корректность ответа от API.
__main__[LINE:96]#INFO     [2022-09-27 00:16:06,462]  Извлекаем информацию о конкретной домашней работе.
__main__[LINE:45]#INFO     [2022-09-27 00:16:06,462]  Начинаем отправлять сообщение пользователю.
__main__[LINE:50]#INFO     [2022-09-27 00:16:06,653]  Удачная отправка сообщения "Изменился статус проверки работы "yatube_project-main-5.zip". Работа проверена: ревьюеру всё понравилось. Ура!" пользователю.
__main__[LINE:109]#INFO     [2022-09-27 00:18:35,120]  Проверяем доступность переменных окружения
__main__[LINE:80]#INFO     [2022-09-27 00:18:35,597]  Проверяем корректность ответа от API.
__main__[LINE:95]#INFO     [2022-09-27 00:18:35,597]  Извлекаем информацию о конкретной домашней работе.
__main__[LINE:45]#INFO     [2022-09-27 00:18:35,598]  Начинаем отправлять сообщение пользователю.
__main__[LINE:50]#INFO     [2022-09-27 00:18:35,791]  Удачная отправка сообщения "Изменился статус проверки работы "yatube_project-main-5.zip". Работа проверена: ревьюеру всё понравилось. Ура!" пользователю.
__main__[LINE:109]#INFO     [2022-09-28 18:37:20,922]  Проверяем доступность переменных окружения
__main__[LINE:80]#INFO     [2022-09-28 18:37:21,209]  Проверяем корректность ответа от API.
__main__[LINE:133]#CRITICAL [2022-09-28 18:37:21,209]  Ошибка Сбой в работе программы: local variable 'message' referenced before assignment
__main__[LINE:95]#INFO     [2022-09-28 18:37:21,209]  Извлекаем информацию о конкретной домашней работе.
__main__[LINE:109]#INFO     [2022-09-28 18:38:08,735]  Проверяем доступность переменных окружения
__main__[LINE:80]#INFO     [2022-09-28 18:38:09,332]  Проверяем корректность ответа от API.
__main__[LINE:133]#CRITICAL [2022-09-28 18:38:09,333]  Ошибка Сбой в работе программы: local variable 'message' referenced before assignment
__main__[LINE:95]#INFO     [2022-09-28 18:38:09,333]  Извлекаем информацию о конкретной домашней работе.
__main__[LINE:109]#INFO     [2022-09-28 18:40:29,584]  Проверяем доступность переменных окружения
__main__[LINE:80]#INFO     [2022-09-28 18:40:29,808]  Проверяем корректность ответа от API.
__main__[LINE:95]#INFO     [2022-09-28 18:40:29,809]  Извлекаем информацию о конкретной домашней работе.
__main__[LINE:45]#INFO     [2022-09-28 18:40:29,809]  Начинаем отправлять сообщение пользователю.
__main__[LINE:134]#CRITICAL [2022-09-28 18:40:34,929]  Ошибка Сбой в работе программы: Сбой "Timed out" при отправке сообщения Изменился статус проверки работы "homework_bot-master.zip". Работа проверена: ревьюеру всё понравилось. Ура! в Telegram
